  main.cpp
C:\Users\김성민\source\repos\2021_ESC_autunomous_car\main.cpp(32,30): warning C4305: '초기화 중': 'double'에서 'float'(으)로 잘립니다.
C:\Users\김성민\source\repos\2021_ESC_autunomous_car\main.cpp(41,27): warning C4305: '초기화 중': 'double'에서 'float'(으)로 잘립니다.
C:\Users\김성민\source\repos\2021_ESC_autunomous_car\main.cpp(42,24): warning C4305: '초기화 중': 'double'에서 'float'(으)로 잘립니다.
C:\Users\김성민\source\repos\2021_ESC_autunomous_car\main.cpp(70,40): warning C4267: '인수': 'size_t'에서 'int'(으)로 변환하면서 데이터가 손실될 수 있습니다.
C:\Users\김성민\source\repos\2021_ESC_autunomous_car\main.cpp(211,18): warning C4244: '초기화 중': 'double'에서 'float'(으)로 변환하면서 데이터가 손실될 수 있습니다.
C:\Users\김성민\source\repos\2021_ESC_autunomous_car\main.cpp(253,19): warning C4244: '=': 'double'에서 'float'(으)로 변환하면서 데이터가 손실될 수 있습니다.
C:\Users\김성민\source\repos\2021_ESC_autunomous_car\main.cpp(254,19): warning C4244: '=': 'double'에서 'float'(으)로 변환하면서 데이터가 손실될 수 있습니다.
C:\Users\김성민\source\repos\2021_ESC_autunomous_car\main.cpp(294,18): warning C4244: '=': 'double'에서 'float'(으)로 변환하면서 데이터가 손실될 수 있습니다.
C:\Users\김성민\source\repos\2021_ESC_autunomous_car\main.cpp(295,18): warning C4244: '=': 'double'에서 'float'(으)로 변환하면서 데이터가 손실될 수 있습니다.
C:\Users\김성민\source\repos\2021_ESC_autunomous_car\main.cpp(308,12): warning C4244: '초기화 중': 'float'에서 'int'(으)로 변환하면서 데이터가 손실될 수 있습니다.
C:\Users\김성민\source\repos\2021_ESC_autunomous_car\main.cpp(319,19): warning C4244: '=': 'int'에서 'float'(으)로 변환하면서 데이터가 손실될 수 있습니다.
C:\Users\김성민\source\repos\2021_ESC_autunomous_car\main.cpp(320,19): warning C4244: '=': 'int'에서 'float'(으)로 변환하면서 데이터가 손실될 수 있습니다.
C:\Users\김성민\source\repos\2021_ESC_autunomous_car\main.cpp(321,18): warning C4244: '=': 'int'에서 'float'(으)로 변환하면서 데이터가 손실될 수 있습니다.
C:\Users\김성민\source\repos\2021_ESC_autunomous_car\main.cpp(322,18): warning C4244: '=': 'int'에서 'float'(으)로 변환하면서 데이터가 손실될 수 있습니다.
C:\Users\김성민\source\repos\2021_ESC_autunomous_car\main.cpp(330,30): warning C4244: '인수': 'float'에서 '_Tp'(으)로 변환하면서 데이터가 손실될 수 있습니다.
          with
          [
              _Tp=int
          ]
C:\Users\김성민\source\repos\2021_ESC_autunomous_car\main.cpp(330,51): warning C4244: '인수': 'float'에서 '_Tp'(으)로 변환하면서 데이터가 손실될 수 있습니다.
          with
          [
              _Tp=int
          ]
C:\Users\김성민\source\repos\2021_ESC_autunomous_car\main.cpp(331,66): warning C4244: '=': 'double'에서 'float'(으)로 변환하면서 데이터가 손실될 수 있습니다.
C:\Users\김성민\source\repos\2021_ESC_autunomous_car\main.cpp(334,30): warning C4244: '인수': 'float'에서 '_Tp'(으)로 변환하면서 데이터가 손실될 수 있습니다.
          with
          [
              _Tp=int
          ]
C:\Users\김성민\source\repos\2021_ESC_autunomous_car\main.cpp(334,50): warning C4244: '인수': 'float'에서 '_Tp'(으)로 변환하면서 데이터가 손실될 수 있습니다.
          with
          [
              _Tp=int
          ]
C:\Users\김성민\source\repos\2021_ESC_autunomous_car\main.cpp(335,64): warning C4244: '=': 'double'에서 'float'(으)로 변환하면서 데이터가 손실될 수 있습니다.
C:\Users\김성민\source\repos\2021_ESC_autunomous_car\main.cpp(339,85): warning C4244: '인수': 'float'에서 '_Tp'(으)로 변환하면서 데이터가 손실될 수 있습니다.
          with
          [
              _Tp=int
          ]
C:\Users\김성민\source\repos\2021_ESC_autunomous_car\main.cpp(340,90): warning C4244: '=': 'double'에서 'float'(으)로 변환하면서 데이터가 손실될 수 있습니다.
C:\Users\김성민\source\repos\2021_ESC_autunomous_car\main.cpp(343,79): warning C4244: '인수': 'float'에서 '_Tp'(으)로 변환하면서 데이터가 손실될 수 있습니다.
          with
          [
              _Tp=int
          ]
C:\Users\김성민\source\repos\2021_ESC_autunomous_car\main.cpp(344,84): warning C4244: '=': 'double'에서 'float'(으)로 변환하면서 데이터가 손실될 수 있습니다.
C:\Users\김성민\source\repos\2021_ESC_autunomous_car\main.cpp(347,84): warning C4244: '인수': 'float'에서 '_Tp'(으)로 변환하면서 데이터가 손실될 수 있습니다.
          with
          [
              _Tp=int
          ]
C:\Users\김성민\source\repos\2021_ESC_autunomous_car\main.cpp(348,89): warning C4244: '=': 'double'에서 'float'(으)로 변환하면서 데이터가 손실될 수 있습니다.
C:\Users\김성민\source\repos\2021_ESC_autunomous_car\main.cpp(399,62): warning C4305: '인수': 'int'에서 'bool'(으)로 잘립니다.
C:\Users\김성민\source\repos\2021_ESC_autunomous_car\main.cpp(442,107): warning C4244: '인수': 'float'에서 '_Tp'(으)로 변환하면서 데이터가 손실될 수 있습니다.
          with
          [
              _Tp=int
          ]
C:\Users\김성민\source\repos\2021_ESC_autunomous_car\main.cpp(442,78): warning C4244: '인수': 'float'에서 '_Tp'(으)로 변환하면서 데이터가 손실될 수 있습니다.
          with
          [
              _Tp=int
          ]
C:\Users\김성민\source\repos\2021_ESC_autunomous_car\main.cpp(443,125): warning C4244: '인수': 'float'에서 '_Tp'(으)로 변환하면서 데이터가 손실될 수 있습니다.
          with
          [
              _Tp=int
          ]
C:\Users\김성민\source\repos\2021_ESC_autunomous_car\main.cpp(443,96): warning C4244: '인수': 'float'에서 '_Tp'(으)로 변환하면서 데이터가 손실될 수 있습니다.
          with
          [
              _Tp=int
          ]
C:\Users\김성민\source\repos\2021_ESC_autunomous_car\main.cpp(444,133): warning C4244: '인수': 'float'에서 '_Tp'(으)로 변환하면서 데이터가 손실될 수 있습니다.
          with
          [
              _Tp=int
          ]
C:\Users\김성민\source\repos\2021_ESC_autunomous_car\main.cpp(444,104): warning C4244: '인수': 'float'에서 '_Tp'(으)로 변환하면서 데이터가 손실될 수 있습니다.
          with
          [
              _Tp=int
          ]
C:\Users\김성민\source\repos\2021_ESC_autunomous_car\main.cpp(445,115): warning C4244: '인수': 'float'에서 '_Tp'(으)로 변환하면서 데이터가 손실될 수 있습니다.
          with
          [
              _Tp=int
          ]
C:\Users\김성민\source\repos\2021_ESC_autunomous_car\main.cpp(445,86): warning C4244: '인수': 'float'에서 '_Tp'(으)로 변환하면서 데이터가 손실될 수 있습니다.
          with
          [
              _Tp=int
          ]
C:\Users\김성민\source\repos\2021_ESC_autunomous_car\main.cpp(451,107): warning C4244: '인수': 'float'에서 '_Tp'(으)로 변환하면서 데이터가 손실될 수 있습니다.
          with
          [
              _Tp=int
          ]
C:\Users\김성민\source\repos\2021_ESC_autunomous_car\main.cpp(451,78): warning C4244: '인수': 'float'에서 '_Tp'(으)로 변환하면서 데이터가 손실될 수 있습니다.
          with
          [
              _Tp=int
          ]
C:\Users\김성민\source\repos\2021_ESC_autunomous_car\main.cpp(452,125): warning C4244: '인수': 'float'에서 '_Tp'(으)로 변환하면서 데이터가 손실될 수 있습니다.
          with
          [
              _Tp=int
          ]
C:\Users\김성민\source\repos\2021_ESC_autunomous_car\main.cpp(452,96): warning C4244: '인수': 'float'에서 '_Tp'(으)로 변환하면서 데이터가 손실될 수 있습니다.
          with
          [
              _Tp=int
          ]
C:\Users\김성민\source\repos\2021_ESC_autunomous_car\main.cpp(453,133): warning C4244: '인수': 'float'에서 '_Tp'(으)로 변환하면서 데이터가 손실될 수 있습니다.
          with
          [
              _Tp=int
          ]
C:\Users\김성민\source\repos\2021_ESC_autunomous_car\main.cpp(453,104): warning C4244: '인수': 'float'에서 '_Tp'(으)로 변환하면서 데이터가 손실될 수 있습니다.
          with
          [
              _Tp=int
          ]
C:\Users\김성민\source\repos\2021_ESC_autunomous_car\main.cpp(454,115): warning C4244: '인수': 'float'에서 '_Tp'(으)로 변환하면서 데이터가 손실될 수 있습니다.
          with
          [
              _Tp=int
          ]
C:\Users\김성민\source\repos\2021_ESC_autunomous_car\main.cpp(454,86): warning C4244: '인수': 'float'에서 '_Tp'(으)로 변환하면서 데이터가 손실될 수 있습니다.
          with
          [
              _Tp=int
          ]
C:\Users\김성민\source\repos\2021_ESC_autunomous_car\main.cpp(476,54): warning C4244: '인수': 'float'에서 'int'(으)로 변환하면서 데이터가 손실될 수 있습니다.
C:\Users\김성민\source\repos\2021_ESC_autunomous_car\main.cpp(508,70): warning C4244: '인수': 'double'에서 '_Tp'(으)로 변환하면서 데이터가 손실될 수 있습니다.
          with
          [
              _Tp=int
          ]
C:\Users\김성민\source\repos\2021_ESC_autunomous_car\main.cpp(508,57): warning C4244: '인수': 'double'에서 '_Tp'(으)로 변환하면서 데이터가 손실될 수 있습니다.
          with
          [
              _Tp=int
          ]
C:\Users\김성민\source\repos\2021_ESC_autunomous_car\main.cpp(509,62): warning C4244: '인수': 'double'에서 '_Tp'(으)로 변환하면서 데이터가 손실될 수 있습니다.
          with
          [
              _Tp=int
          ]
C:\Users\김성민\source\repos\2021_ESC_autunomous_car\main.cpp(509,49): warning C4244: '인수': 'double'에서 '_Tp'(으)로 변환하면서 데이터가 손실될 수 있습니다.
          with
          [
              _Tp=int
          ]
C:\Users\김성민\source\repos\2021_ESC_autunomous_car\main.cpp(510,60): warning C4244: '인수': 'double'에서 '_Tp'(으)로 변환하면서 데이터가 손실될 수 있습니다.
          with
          [
              _Tp=int
          ]
C:\Users\김성민\source\repos\2021_ESC_autunomous_car\main.cpp(510,47): warning C4244: '인수': 'double'에서 '_Tp'(으)로 변환하면서 데이터가 손실될 수 있습니다.
          with
          [
              _Tp=int
          ]
C:\Users\김성민\source\repos\2021_ESC_autunomous_car\main.cpp(514,70): warning C4244: '인수': 'double'에서 '_Tp'(으)로 변환하면서 데이터가 손실될 수 있습니다.
          with
          [
              _Tp=int
          ]
C:\Users\김성민\source\repos\2021_ESC_autunomous_car\main.cpp(514,57): warning C4244: '인수': 'double'에서 '_Tp'(으)로 변환하면서 데이터가 손실될 수 있습니다.
          with
          [
              _Tp=int
          ]
C:\Users\김성민\source\repos\2021_ESC_autunomous_car\main.cpp(515,62): warning C4244: '인수': 'double'에서 '_Tp'(으)로 변환하면서 데이터가 손실될 수 있습니다.
          with
          [
              _Tp=int
          ]
C:\Users\김성민\source\repos\2021_ESC_autunomous_car\main.cpp(515,49): warning C4244: '인수': 'double'에서 '_Tp'(으)로 변환하면서 데이터가 손실될 수 있습니다.
          with
          [
              _Tp=int
          ]
C:\Users\김성민\source\repos\2021_ESC_autunomous_car\main.cpp(376,10): warning C4101: 'buf' :참조되지 않은 지역 변수입니다.
C:\Users\김성민\source\repos\2021_ESC_autunomous_car\main.cpp(527): warning C4715: 'video_main': 모든 제어 경로에서 값을 반환하지는 않습니다.
LINK : warning LNK4098: 'MSVCRT' defaultlib가 다른 라이브러리와 충돌합니다. /NODEFAULTLIB:library를 사용하십시오.
gsl.lib(linear.obj) : warning LNK4099: 'gsl.pdb' PDB를 'gsl.lib(linear.obj)' 또는 'C:\Users\김성민\source\repos\2021_ESC_autunomous_car\x64\Debug\gsl.pdb'에서 찾을 수 없습니다. 디버그 정보가 없는 것처럼 개체를 링크합니다.
  2021_ESC_autunomous_car.vcxproj -> C:\Users\김성민\source\repos\2021_ESC_autunomous_car\x64\Debug\2021_ESC_autunomous_car.exe
